<?xml version="1.0" encoding="UTF-8"?>
<testsuite name="org.bvgroup.taras.murzenkov.fxprovider.unit.FxRateProviderUnitTest" tests="2" skipped="0" failures="0" errors="0" timestamp="2024-01-27T18:47:12" hostname="Tarass-MacBook-Pro-2.local" time="0.111">
  <properties/>
  <testcase name="shouldThrowExceptionAndNotMakeACallToExternalProviderWhenTheSameCurrencyIsSupplied()" classname="org.bvgroup.taras.murzenkov.fxprovider.unit.FxRateProviderUnitTest" time="0.092"/>
  <testcase name="shouldProperlyProcessRequestToGetFxRate()" classname="org.bvgroup.taras.murzenkov.fxprovider.unit.FxRateProviderUnitTest" time="0.011"/>
  <system-out><![CDATA[]]></system-out>
  <system-err><![CDATA[]]></system-err>
</testsuite>
