<?xml version="1.0" encoding="UTF-8"?>
<testsuite name="org.bvgroup.taras.murzenkov.fxprovider.integration.FxProviderApplicationTests" tests="2" skipped="0" failures="0" errors="0" timestamp="2024-01-27T18:47:10" hostname="Tarass-MacBook-Pro-2.local" time="1.428">
  <properties/>
  <testcase name="shouldBulkConvertValues()" classname="org.bvgroup.taras.murzenkov.fxprovider.integration.FxProviderApplicationTests" time="1.364"/>
  <testcase name="shouldFetchFxRate()" classname="org.bvgroup.taras.murzenkov.fxprovider.integration.FxProviderApplicationTests" time="0.052"/>
  <system-out><![CDATA[19:47:06.528 [Test worker] INFO org.springframework.test.context.support.AnnotationConfigContextLoaderUtils -- Could not detect default configuration classes for test class [org.bvgroup.taras.murzenkov.fxprovider.integration.FxProviderApplicationTests]: FxProviderApplicationTests does not declare any static, non-private, non-final, nested classes annotated with @Configuration.
19:47:06.694 [Test worker] INFO org.springframework.boot.test.context.SpringBootTestContextBootstrapper -- Found @SpringBootConfiguration org.bvgroup.taras.murzenkov.fxprovider.FxProviderApplication for test class org.bvgroup.taras.murzenkov.fxprovider.integration.FxProviderApplicationTests

  .   ____          _            __ _ _
 /\\ / ___'_ __ _ _(_)_ __  __ _ \ \ \ \
( ( )\___ | '_ | '_| | '_ \/ _` | \ \ \ \
 \\/  ___)| |_)| | | | | || (_| |  ) ) ) )
  '  |____| .__|_| |_|_| |_\__, | / / / /
 =========|_|==============|___/=/_/_/_/
 :: Spring Boot ::                (v3.2.2)

2024-01-27T19:47:07.328+01:00  INFO 75855 --- [    Test worker] o.b.t.m.f.i.FxProviderApplicationTests   : Starting FxProviderApplicationTests using Java 17 with PID 75855 (started by tarasmurzenkov in /Users/tarasmurzenkov/projects/fx-provider)
2024-01-27T19:47:07.333+01:00  INFO 75855 --- [    Test worker] o.b.t.m.f.i.FxProviderApplicationTests   : No active profile set, falling back to 1 default profile: "default"
2024-01-27T19:47:09.314+01:00  INFO 75855 --- [    Test worker] o.s.b.w.embedded.tomcat.TomcatWebServer  : Tomcat initialized with port 0 (http)
2024-01-27T19:47:09.327+01:00  INFO 75855 --- [    Test worker] o.apache.catalina.core.StandardService   : Starting service [Tomcat]
2024-01-27T19:47:09.328+01:00  INFO 75855 --- [    Test worker] o.apache.catalina.core.StandardEngine    : Starting Servlet engine: [Apache Tomcat/10.1.18]
2024-01-27T19:47:09.396+01:00  INFO 75855 --- [    Test worker] o.a.c.c.C.[Tomcat].[localhost].[/]       : Initializing Spring embedded WebApplicationContext
2024-01-27T19:47:09.400+01:00  INFO 75855 --- [    Test worker] w.s.c.ServletWebServerApplicationContext : Root WebApplicationContext: initialization completed in 1690 ms
2024-01-27T19:47:10.142+01:00  INFO 75855 --- [    Test worker] o.s.b.w.embedded.tomcat.TomcatWebServer  : Tomcat started on port 49870 (http) with context path ''
2024-01-27T19:47:10.164+01:00  INFO 75855 --- [    Test worker] o.b.t.m.f.i.FxProviderApplicationTests   : Started FxProviderApplicationTests in 3.289 seconds (process running for 4.813)
2024-01-27T19:47:11.165+01:00  INFO 75855 --- [o-auto-1-exec-2] o.a.c.c.C.[Tomcat].[localhost].[/]       : Initializing Spring DispatcherServlet 'dispatcherServlet'
2024-01-27T19:47:11.165+01:00  INFO 75855 --- [o-auto-1-exec-2] o.s.web.servlet.DispatcherServlet        : Initializing Servlet 'dispatcherServlet'
2024-01-27T19:47:11.171+01:00  INFO 75855 --- [o-auto-1-exec-2] o.s.web.servlet.DispatcherServlet        : Completed initialization in 6 ms
]]></system-out>
  <system-err><![CDATA[]]></system-err>
</testsuite>
